e:\4info\poo\github\galaxy\smallworld2911v2\diagrammodeling2711-player\wrappersmallworld\debug\vc120.pdb
e:\4info\poo\github\galaxy\smallworld2911v2\diagrammodeling2711-player\wrappersmallworld\debug\wrappersmallworld.obj
e:\4info\poo\github\galaxy\smallworld2911v2\diagrammodeling2711-player\wrappersmallworld\debug\.netframework,version=v4.5.assemblyattributes.obj
e:\4info\poo\github\galaxy\smallworld2911v2\diagrammodeling2711-player\wrappersmallworld\debug\wrappersmallworld.vcxprojresolveassemblyreference.cache
e:\4info\poo\github\galaxy\smallworld2911v2\diagrammodeling2711-player\debug\wrappersmallworld.pdb
e:\4info\poo\github\galaxy\smallworld2911v2\diagrammodeling2711-player\wrappersmallworld\debug\wrappers.7a7166e6.tlog\cl.command.1.tlog
e:\4info\poo\github\galaxy\smallworld2911v2\diagrammodeling2711-player\wrappersmallworld\debug\wrappers.7a7166e6.tlog\cl.read.1.tlog
e:\4info\poo\github\galaxy\smallworld2911v2\diagrammodeling2711-player\wrappersmallworld\debug\wrappers.7a7166e6.tlog\cl.write.1.tlog
e:\4info\poo\github\galaxy\smallworld2911v2\diagrammodeling2711-player\wrappersmallworld\debug\wrappers.7a7166e6.tlog\link-cvtres.read.1.tlog
e:\4info\poo\github\galaxy\smallworld2911v2\diagrammodeling2711-player\wrappersmallworld\debug\wrappers.7a7166e6.tlog\link-cvtres.write.1.tlog
e:\4info\poo\github\galaxy\smallworld2911v2\diagrammodeling2711-player\wrappersmallworld\debug\wrappers.7a7166e6.tlog\link-rc.read.1.tlog
e:\4info\poo\github\galaxy\smallworld2911v2\diagrammodeling2711-player\wrappersmallworld\debug\wrappers.7a7166e6.tlog\link-rc.write.1.tlog
e:\4info\poo\github\galaxy\smallworld2911v2\diagrammodeling2711-player\wrappersmallworld\debug\wrappers.7a7166e6.tlog\link.10068-cvtres.read.1.tlog
e:\4info\poo\github\galaxy\smallworld2911v2\diagrammodeling2711-player\wrappersmallworld\debug\wrappers.7a7166e6.tlog\link.10068-cvtres.write.1.tlog
e:\4info\poo\github\galaxy\smallworld2911v2\diagrammodeling2711-player\wrappersmallworld\debug\wrappers.7a7166e6.tlog\link.10068-rc.read.1.tlog
e:\4info\poo\github\galaxy\smallworld2911v2\diagrammodeling2711-player\wrappersmallworld\debug\wrappers.7a7166e6.tlog\link.10068-rc.write.1.tlog
e:\4info\poo\github\galaxy\smallworld2911v2\diagrammodeling2711-player\wrappersmallworld\debug\wrappers.7a7166e6.tlog\link.10068.read.1.tlog
e:\4info\poo\github\galaxy\smallworld2911v2\diagrammodeling2711-player\wrappersmallworld\debug\wrappers.7a7166e6.tlog\link.10068.write.1.tlog
e:\4info\poo\github\galaxy\smallworld2911v2\diagrammodeling2711-player\wrappersmallworld\debug\wrappers.7a7166e6.tlog\link.11132-cvtres.read.1.tlog
e:\4info\poo\github\galaxy\smallworld2911v2\diagrammodeling2711-player\wrappersmallworld\debug\wrappers.7a7166e6.tlog\link.11132-cvtres.write.1.tlog
e:\4info\poo\github\galaxy\smallworld2911v2\diagrammodeling2711-player\wrappersmallworld\debug\wrappers.7a7166e6.tlog\link.11132-rc.read.1.tlog
e:\4info\poo\github\galaxy\smallworld2911v2\diagrammodeling2711-player\wrappersmallworld\debug\wrappers.7a7166e6.tlog\link.11132-rc.write.1.tlog
e:\4info\poo\github\galaxy\smallworld2911v2\diagrammodeling2711-player\wrappersmallworld\debug\wrappers.7a7166e6.tlog\link.11132.read.1.tlog
e:\4info\poo\github\galaxy\smallworld2911v2\diagrammodeling2711-player\wrappersmallworld\debug\wrappers.7a7166e6.tlog\link.11132.write.1.tlog
e:\4info\poo\github\galaxy\smallworld2911v2\diagrammodeling2711-player\wrappersmallworld\debug\wrappers.7a7166e6.tlog\link.3960-cvtres.read.1.tlog
e:\4info\poo\github\galaxy\smallworld2911v2\diagrammodeling2711-player\wrappersmallworld\debug\wrappers.7a7166e6.tlog\link.3960-cvtres.write.1.tlog
e:\4info\poo\github\galaxy\smallworld2911v2\diagrammodeling2711-player\wrappersmallworld\debug\wrappers.7a7166e6.tlog\link.3960-rc.read.1.tlog
e:\4info\poo\github\galaxy\smallworld2911v2\diagrammodeling2711-player\wrappersmallworld\debug\wrappers.7a7166e6.tlog\link.3960-rc.write.1.tlog
e:\4info\poo\github\galaxy\smallworld2911v2\diagrammodeling2711-player\wrappersmallworld\debug\wrappers.7a7166e6.tlog\link.3960.read.1.tlog
e:\4info\poo\github\galaxy\smallworld2911v2\diagrammodeling2711-player\wrappersmallworld\debug\wrappers.7a7166e6.tlog\link.3960.write.1.tlog
e:\4info\poo\github\galaxy\smallworld2911v2\diagrammodeling2711-player\wrappersmallworld\debug\wrappers.7a7166e6.tlog\link.command.1.tlog
e:\4info\poo\github\galaxy\smallworld2911v2\diagrammodeling2711-player\wrappersmallworld\debug\wrappers.7a7166e6.tlog\link.read.1.tlog
e:\4info\poo\github\galaxy\smallworld2911v2\diagrammodeling2711-player\wrappersmallworld\debug\wrappers.7a7166e6.tlog\link.write.1.tlog
e:\4info\poo\github\galaxy\smallworld2911v2\diagrammodeling2711-player\wrappersmallworld\debug\wrappers.7a7166e6.tlog\metagen.read.1.tlog
e:\4info\poo\github\galaxy\smallworld2911v2\diagrammodeling2711-player\wrappersmallworld\debug\wrappers.7a7166e6.tlog\metagen.write.1.tlog
e:\4info\poo\github\galaxy\smallworld2911v2\diagrammodeling2711-player\wrappersmallworld\debug\wrappers.7a7166e6.tlog\tzres.dll.bi
